error: 07-05-2022 13:45:10.119: error仇叼ゴ 
error: 07-05-2022 13:45:10.119: error仇叼ゴ 
info: 07-05-2022 13:45:10.134: Hello server, we are running on 3000 
info: 07-05-2022 13:46:44.081: Hello server, we are running on 3000 
error: 07-05-2022 15:12:50.487: error仇叼ゴ 
error: 07-05-2022 15:12:50.487: error仇叼ゴ 
info: 07-05-2022 15:12:50.497: Hello server, we are running on 3009 
info: 07-05-2022 15:21:40.199: Hello server, we are running on 3009 
info: 07-05-2022 15:35:21.747: Hello server, we are running on 3009 
info: 07-05-2022 15:35:59.700: Hello server, we are running on 3009 
info: 07-05-2022 15:36:26.266: Hello server, we are running on 3009 
info: 07-05-2022 15:57:26.105: Hello server, we are running on 3009 
info: 07-05-2022 15:59:00.597: Hello server, we are running on 3009 
info: 07-05-2022 16:05:31.494: Hello server, we are running on 3009 
info: 07-05-2022 16:16:16.256: Hello server, we are running on 3000 
info: 07-05-2022 16:28:14.021: Hello server, we are running on 3000 
info: 07-05-2022 16:31:23.787: Hello server, we are running on 3000 
info: 07-05-2022 17:04:56.380: Hello server, we are running on 3000 
info: 07-05-2022 17:47:07.070: Hello server, we are running on 3000 
info: 07-05-2022 17:50:09.270: Hello server, we are running on 3000 
info: 07-05-2022 17:50:15.358: Hello server, we are running on 3000 
info: 07-05-2022 17:50:17.137: Hello server, we are running on 3000 
info: 07-05-2022 17:53:20.808: Hello server, we are running on 3000 
info: 07-05-2022 17:55:20.845: Hello server, we are running on 3000 
info: 07-05-2022 17:56:54.286: Hello server, we are running on 3000 
error: 07-05-2022 17:58:15.256: userService.getAllUsersService is not a function 
error: 07-05-2022 17:58:15.256: userService.getAllUsersService is not a function 
error: 07-05-2022 17:58:29.315: userService.getAllUsersService is not a function 
error: 07-05-2022 17:58:29.315: userService.getAllUsersService is not a function 
info: 07-05-2022 17:58:56.934: Hello server, we are running on 3000 
info: 07-05-2022 18:00:00.127: Hello server, we are running on 3000 
error: 07-05-2022 18:00:14.971: userService.getAllUsersService is not a function 
error: 07-05-2022 18:00:14.971: userService.getAllUsersService is not a function 
info: 07-05-2022 18:02:13.777: Hello server, we are running on 3000 
info: 07-05-2022 18:02:23.113: Hello server, we are running on 3000 
info: 07-05-2022 18:11:02.526: Hello server, we are running on 3000 
info: 07-05-2022 18:17:07.122: Hello server, we are running on 3000 
info: 07-05-2022 18:42:00.614: Hello server, we are running on 3000 
info: 07-05-2022 18:46:03.236: Hello server, we are running on 3000 
info: 07-05-2022 18:52:23.988: Hello server, we are running on 3000 
info: 07-05-2022 18:54:37.140: Hello server, we are running on 3000 
info: 07-05-2022 18:56:49.516: Hello server, we are running on 3000 
info: 07-06-2022 09:40:00.204: Hello server, we are running on 3000 
info: 07-06-2022 10:03:21.248: Hello server, we are running on 3002 
info: 07-06-2022 10:19:25.743: Hello server, we are running on 3000 
info: 07-06-2022 10:19:57.129: Hello server, we are running on 3000 
info: 07-06-2022 10:24:47.080: Hello server, we are running on 3000 
info: 07-06-2022 11:28:48.847: Hello server, we are running on 3000 
info: 07-06-2022 12:21:58.318: Hello server, we are running on 3000 
info: 07-06-2022 12:22:20.418: Hello server, we are running on 3000 
info: 07-06-2022 12:29:06.561: Hello server, we are running on 3000 
info: 07-06-2022 12:29:45.341: Hello server, we are running on 3000 
info: 07-06-2022 12:37:38.977: Hello server, we are running on 3000 
info: 07-06-2022 12:38:13.083: Hello server, we are running on 3000 
info: 07-06-2022 12:48:03.715: Hello server, we are running on 3000 
info: 07-06-2022 13:08:16.198: Hello server, we are running on 3000 
info: 07-06-2022 13:08:53.491: Hello server, we are running on 3000 
error: 07-06-2022 13:09:00.970: manager is not defined 
error: 07-06-2022 13:09:00.970: manager is not defined 
error: 07-06-2022 13:13:27.292: manager is not defined 
error: 07-06-2022 13:13:27.292: manager is not defined 
info: 07-06-2022 13:13:58.992: Hello server, we are running on 3000 
error: 07-06-2022 13:14:03.530: jsonPath is not defined 
error: 07-06-2022 13:14:03.530: jsonPath is not defined 
info: 07-06-2022 13:14:39.351: Hello server, we are running on 3000 
error: 07-06-2022 13:14:42.203: ENOENT: no such file or directory, open '{
  "users": [
    {
      "id": "123456789",
      "firstName": "Michal",
      "lastName": "Shmoel",
      "city": "jerusalem",
      "street": "hapisga",
      "houseNumber": 12,
      "phoneNumber": "0521369874",
      "emailAddress": "michal@gmail.com",
      "height": 1.7,
      "weightsHistory": [
        {
          "date": "12/03/2022",
          "weight": 60
        },
        {
          "date": "12/03/2022",
          "weight": 61.8
        },
        {
          "date": "12/03/2022",
          "weight": 60.9
        }
      ],
      "diary": {
        "days": [
          {
            "date": "12/03/2022",
            "meals": [
              [
                " ",
                "专 转转"
              ],
              [
                "砖专",
                "拽砖"
              ]
            ]
          },
          {
            "date": "18/03/2022",
            "meals": [
              [
                "砖专",
                "拽砖"
              ]
            ]
          },
          {
            "date": "30-5-2022",
            "meals": [
              [
                "驻驻",
                "驻驻",
                "专",
                "注"
              ]
            ]
          },
          {
            "date": "30/5/122",
            "meals": [
              [
                "住 住 注 注转",
                "专",
                "转"
              ]
            ]
          },
          {
            "date": "2022-07-01",
            "meals": [
              [
                "",
                ""
              ]
            ]
          },
          {
            "date": "2022-06-30",
            "meals": [
              [
                "gfdgdf"
              ],
              [
                "sagdsfgf"
              ],
              [
                "转",
                "专",
                " 爪",
                " ",
                "",
                ""
              ],
              [
                "",
                "专拽",
                "",
                "砖"
              ]
            ]
          }
        ]
      }
    },
    {
      "id": "987654321",
      "firstName": "Rachel",
      "lastName": "Keler",
      "city": "jerusalem",
      "street": "arimon",
      "houseNumber": 5,
      "phoneNumber": "0558963214",
      "emailAddress": "rachel@gmail.com",
      "height": 1.75,
      "weightsHistory": [
        {
          "date": "12/03/2022",
          "weight": 72
        },
        {
          "date": "12/03/2022",
          "weight": 69.8
        },
        {
          "date": "12/03/2022",
          "weight": 71.1
        }
      ],
      "diary": {
        "days": [
          {
            "date": "12/03/2022",
            "meals": [
              []
            ]
          }
        ]
      }
    },
    {
      "id": "587412369",
      "firstName": "Shira",
      "lastName": "Avitan",
      "city": "jerusalem",
      "street": "arimon",
      "houseNumber": "5",
      "phoneNumber": "0536985214",
      "emailAddress": "shira@gmail.com",
      "height": 1.65,
      "weightsHistory": [
        {
          "date": "12/03/2022",
          "weight": 76
        },
        {
          "date": "12/03/2022",
          "weight": 78.8
        },
        {
          "date": "12/03/2022",
          "weight": 80.9
        }
      ],
      "diary": {
        "days": [
          {
            "date": "12/03/2022",
            "meals": [
              []
            ]
          },
          {
            "date": "2022-07-02",
            "meals": [
              [
                "转拽",
                "专拽 注",
                "驻砖 转"
              ]
            ]
          },
          {
            "date": "2022-07-03",
            "meals": [
              [
                " 爪",
                "转",
                "住 专拽转"
              ],
              [
                "注祝",
                "驻转转",
                "砖爪 注",
                "爪驻住 "
              ],
              [
                "住"
              ]
            ]
          }
        ]
      }
    },
    {
      "id": "678912345",
      "firstName": "David",
      "lastName": "Cohen",
      "city": "rehovot",
      "street": "ezra",
      "houseNumber": "37",
      "phoneNumber": "0536985214",
      "emailAddress": "david@gmail.com",
      "height": 1.84,
      "weightsHistory": [
        {
          "date": "12/03/2022",
          "weight": 76
        },
        {
          "date": "12/03/2022",
          "weight": 75.8
        },
        {
          "date": "12/03/2022",
          "weight": 73.9
        }
      ],
      "diary": {
        "days": [
          {
            "date": "12/03/2022",
            "meals": [
              []
            ]
          }
        ]
      }
    }
  ]
}' 
error: 07-06-2022 13:14:42.203: ENOENT: no such file or directory, open '{
  "users": [
    {
      "id": "123456789",
      "firstName": "Michal",
      "lastName": "Shmoel",
      "city": "jerusalem",
      "street": "hapisga",
      "houseNumber": 12,
      "phoneNumber": "0521369874",
      "emailAddress": "michal@gmail.com",
      "height": 1.7,
      "weightsHistory": [
        {
          "date": "12/03/2022",
          "weight": 60
        },
        {
          "date": "12/03/2022",
          "weight": 61.8
        },
        {
          "date": "12/03/2022",
          "weight": 60.9
        }
      ],
      "diary": {
        "days": [
          {
            "date": "12/03/2022",
            "meals": [
              [
                " ",
                "专 转转"
              ],
              [
                "砖专",
                "拽砖"
              ]
            ]
          },
          {
            "date": "18/03/2022",
            "meals": [
              [
                "砖专",
                "拽砖"
              ]
            ]
          },
          {
            "date": "30-5-2022",
            "meals": [
              [
                "驻驻",
                "驻驻",
                "专",
                "注"
              ]
            ]
          },
          {
            "date": "30/5/122",
            "meals": [
              [
                "住 住 注 注转",
                "专",
                "转"
              ]
            ]
          },
          {
            "date": "2022-07-01",
            "meals": [
              [
                "",
                ""
              ]
            ]
          },
          {
            "date": "2022-06-30",
            "meals": [
              [
                "gfdgdf"
              ],
              [
                "sagdsfgf"
              ],
              [
                "转",
                "专",
                " 爪",
                " ",
                "",
                ""
              ],
              [
                "",
                "专拽",
                "",
                "砖"
              ]
            ]
          }
        ]
      }
    },
    {
      "id": "987654321",
      "firstName": "Rachel",
      "lastName": "Keler",
      "city": "jerusalem",
      "street": "arimon",
      "houseNumber": 5,
      "phoneNumber": "0558963214",
      "emailAddress": "rachel@gmail.com",
      "height": 1.75,
      "weightsHistory": [
        {
          "date": "12/03/2022",
          "weight": 72
        },
        {
          "date": "12/03/2022",
          "weight": 69.8
        },
        {
          "date": "12/03/2022",
          "weight": 71.1
        }
      ],
      "diary": {
        "days": [
          {
            "date": "12/03/2022",
            "meals": [
              []
            ]
          }
        ]
      }
    },
    {
      "id": "587412369",
      "firstName": "Shira",
      "lastName": "Avitan",
      "city": "jerusalem",
      "street": "arimon",
      "houseNumber": "5",
      "phoneNumber": "0536985214",
      "emailAddress": "shira@gmail.com",
      "height": 1.65,
      "weightsHistory": [
        {
          "date": "12/03/2022",
          "weight": 76
        },
        {
          "date": "12/03/2022",
          "weight": 78.8
        },
        {
          "date": "12/03/2022",
          "weight": 80.9
        }
      ],
      "diary": {
        "days": [
          {
            "date": "12/03/2022",
            "meals": [
              []
            ]
          },
          {
            "date": "2022-07-02",
            "meals": [
              [
                "转拽",
                "专拽 注",
                "驻砖 转"
              ]
            ]
          },
          {
            "date": "2022-07-03",
            "meals": [
              [
                " 爪",
                "转",
                "住 专拽转"
              ],
              [
                "注祝",
                "驻转转",
                "砖爪 注",
                "爪驻住 "
              ],
              [
                "住"
              ]
            ]
          }
        ]
      }
    },
    {
      "id": "678912345",
      "firstName": "David",
      "lastName": "Cohen",
      "city": "rehovot",
      "street": "ezra",
      "houseNumber": "37",
      "phoneNumber": "0536985214",
      "emailAddress": "david@gmail.com",
      "height": 1.84,
      "weightsHistory": [
        {
          "date": "12/03/2022",
          "weight": 76
        },
        {
          "date": "12/03/2022",
          "weight": 75.8
        },
        {
          "date": "12/03/2022",
          "weight": 73.9
        }
      ],
      "diary": {
        "days": [
          {
            "date": "12/03/2022",
            "meals": [
              []
            ]
          }
        ]
      }
    }
  ]
}' 
info: 07-06-2022 13:15:42.421: Hello server, we are running on 3000 
info: 07-06-2022 13:15:53.018: Hello server, we are running on 3000 
info: 07-06-2022 13:16:56.072: Hello server, we are running on 3000 
error: 07-06-2022 13:18:19.820: ENOENT: no such file or directory, open '{
  "users": [
    {
      "id": "123456789",
      "firstName": "Michal",
      "lastName": "Shmoel",
      "city": "jerusalem",
      "street": "hapisga",
      "houseNumber": 12,
      "phoneNumber": "0521369874",
      "emailAddress": "michal@gmail.com",
      "height": 1.7,
      "weightsHistory": [
        {
          "date": "12/03/2022",
          "weight": 60
        },
        {
          "date": "12/03/2022",
          "weight": 61.8
        },
        {
          "date": "12/03/2022",
          "weight": 60.9
        }
      ],
      "diary": {
        "days": [
          {
            "date": "12/03/2022",
            "meals": [
              [
                " ",
                "专 转转"
              ],
              [
                "砖专",
                "拽砖"
              ]
            ]
          },
          {
            "date": "18/03/2022",
            "meals": [
              [
                "砖专",
                "拽砖"
              ]
            ]
          },
          {
            "date": "30-5-2022",
            "meals": [
              [
                "驻驻",
                "驻驻",
                "专",
                "注"
              ]
            ]
          },
          {
            "date": "30/5/122",
            "meals": [
              [
                "住 住 注 注转",
                "专",
                "转"
              ]
            ]
          },
          {
            "date": "2022-07-01",
            "meals": [
              [
                "",
                ""
              ]
            ]
          },
          {
            "date": "2022-06-30",
            "meals": [
              [
                "gfdgdf"
              ],
              [
                "sagdsfgf"
              ],
              [
                "转",
                "专",
                " 爪",
                " ",
                "",
                ""
              ],
              [
                "",
                "专拽",
                "",
                "砖"
              ]
            ]
          }
        ]
      }
    },
    {
      "id": "987654321",
      "firstName": "Rachel",
      "lastName": "Keler",
      "city": "jerusalem",
      "street": "arimon",
      "houseNumber": 5,
      "phoneNumber": "0558963214",
      "emailAddress": "rachel@gmail.com",
      "height": 1.75,
      "weightsHistory": [
        {
          "date": "12/03/2022",
          "weight": 72
        },
        {
          "date": "12/03/2022",
          "weight": 69.8
        },
        {
          "date": "12/03/2022",
          "weight": 71.1
        }
      ],
      "diary": {
        "days": [
          {
            "date": "12/03/2022",
            "meals": [
              []
            ]
          }
        ]
      }
    },
    {
      "id": "587412369",
      "firstName": "Shira",
      "lastName": "Avitan",
      "city": "jerusalem",
      "street": "arimon",
      "houseNumber": "5",
      "phoneNumber": "0536985214",
      "emailAddress": "shira@gmail.com",
      "height": 1.65,
      "weightsHistory": [
        {
          "date": "12/03/2022",
          "weight": 76
        },
        {
          "date": "12/03/2022",
          "weight": 78.8
        },
        {
          "date": "12/03/2022",
          "weight": 80.9
        }
      ],
      "diary": {
        "days": [
          {
            "date": "12/03/2022",
            "meals": [
              []
            ]
          },
          {
            "date": "2022-07-02",
            "meals": [
              [
                "转拽",
                "专拽 注",
                "驻砖 转"
              ]
            ]
          },
          {
            "date": "2022-07-03",
            "meals": [
              [
                " 爪",
                "转",
                "住 专拽转"
              ],
              [
                "注祝",
                "驻转转",
                "砖爪 注",
                "爪驻住 "
              ],
              [
                "住"
              ]
            ]
          }
        ]
      }
    },
    {
      "id": "678912345",
      "firstName": "David",
      "lastName": "Cohen",
      "city": "rehovot",
      "street": "ezra",
      "houseNumber": "37",
      "phoneNumber": "0536985214",
      "emailAddress": "david@gmail.com",
      "height": 1.84,
      "weightsHistory": [
        {
          "date": "12/03/2022",
          "weight": 76
        },
        {
          "date": "12/03/2022",
          "weight": 75.8
        },
        {
          "date": "12/03/2022",
          "weight": 73.9
        }
      ],
      "diary": {
        "days": [
          {
            "date": "12/03/2022",
            "meals": [
              []
            ]
          }
        ]
      }
    }
  ]
}' 
error: 07-06-2022 13:18:19.820: ENOENT: no such file or directory, open '{
  "users": [
    {
      "id": "123456789",
      "firstName": "Michal",
      "lastName": "Shmoel",
      "city": "jerusalem",
      "street": "hapisga",
      "houseNumber": 12,
      "phoneNumber": "0521369874",
      "emailAddress": "michal@gmail.com",
      "height": 1.7,
      "weightsHistory": [
        {
          "date": "12/03/2022",
          "weight": 60
        },
        {
          "date": "12/03/2022",
          "weight": 61.8
        },
        {
          "date": "12/03/2022",
          "weight": 60.9
        }
      ],
      "diary": {
        "days": [
          {
            "date": "12/03/2022",
            "meals": [
              [
                " ",
                "专 转转"
              ],
              [
                "砖专",
                "拽砖"
              ]
            ]
          },
          {
            "date": "18/03/2022",
            "meals": [
              [
                "砖专",
                "拽砖"
              ]
            ]
          },
          {
            "date": "30-5-2022",
            "meals": [
              [
                "驻驻",
                "驻驻",
                "专",
                "注"
              ]
            ]
          },
          {
            "date": "30/5/122",
            "meals": [
              [
                "住 住 注 注转",
                "专",
                "转"
              ]
            ]
          },
          {
            "date": "2022-07-01",
            "meals": [
              [
                "",
                ""
              ]
            ]
          },
          {
            "date": "2022-06-30",
            "meals": [
              [
                "gfdgdf"
              ],
              [
                "sagdsfgf"
              ],
              [
                "转",
                "专",
                " 爪",
                " ",
                "",
                ""
              ],
              [
                "",
                "专拽",
                "",
                "砖"
              ]
            ]
          }
        ]
      }
    },
    {
      "id": "987654321",
      "firstName": "Rachel",
      "lastName": "Keler",
      "city": "jerusalem",
      "street": "arimon",
      "houseNumber": 5,
      "phoneNumber": "0558963214",
      "emailAddress": "rachel@gmail.com",
      "height": 1.75,
      "weightsHistory": [
        {
          "date": "12/03/2022",
          "weight": 72
        },
        {
          "date": "12/03/2022",
          "weight": 69.8
        },
        {
          "date": "12/03/2022",
          "weight": 71.1
        }
      ],
      "diary": {
        "days": [
          {
            "date": "12/03/2022",
            "meals": [
              []
            ]
          }
        ]
      }
    },
    {
      "id": "587412369",
      "firstName": "Shira",
      "lastName": "Avitan",
      "city": "jerusalem",
      "street": "arimon",
      "houseNumber": "5",
      "phoneNumber": "0536985214",
      "emailAddress": "shira@gmail.com",
      "height": 1.65,
      "weightsHistory": [
        {
          "date": "12/03/2022",
          "weight": 76
        },
        {
          "date": "12/03/2022",
          "weight": 78.8
        },
        {
          "date": "12/03/2022",
          "weight": 80.9
        }
      ],
      "diary": {
        "days": [
          {
            "date": "12/03/2022",
            "meals": [
              []
            ]
          },
          {
            "date": "2022-07-02",
            "meals": [
              [
                "转拽",
                "专拽 注",
                "驻砖 转"
              ]
            ]
          },
          {
            "date": "2022-07-03",
            "meals": [
              [
                " 爪",
                "转",
                "住 专拽转"
              ],
              [
                "注祝",
                "驻转转",
                "砖爪 注",
                "爪驻住 "
              ],
              [
                "住"
              ]
            ]
          }
        ]
      }
    },
    {
      "id": "678912345",
      "firstName": "David",
      "lastName": "Cohen",
      "city": "rehovot",
      "street": "ezra",
      "houseNumber": "37",
      "phoneNumber": "0536985214",
      "emailAddress": "david@gmail.com",
      "height": 1.84,
      "weightsHistory": [
        {
          "date": "12/03/2022",
          "weight": 76
        },
        {
          "date": "12/03/2022",
          "weight": 75.8
        },
        {
          "date": "12/03/2022",
          "weight": 73.9
        }
      ],
      "diary": {
        "days": [
          {
            "date": "12/03/2022",
            "meals": [
              []
            ]
          }
        ]
      }
    }
  ]
}' 
info: 07-06-2022 13:19:34.300: Hello server, we are running on 3000 
info: 07-06-2022 13:20:27.039: Hello server, we are running on 3000 
info: 07-06-2022 13:20:55.932: Hello server, we are running on 3000 
info: 07-06-2022 13:21:25.443: Hello server, we are running on 3000 
info: 07-06-2022 13:22:58.324: Hello server, we are running on 3000 
info: 07-06-2022 13:23:47.639: Hello server, we are running on 3000 
info: 07-06-2022 13:30:59.125: Hello server, we are running on 3000 
info: 07-06-2022 13:31:36.721: Hello server, we are running on 3000 
